{
  "stats": {
    "suites": 1,
    "tests": 3,
    "passes": 3,
    "pending": 0,
    "failures": 0,
    "start": "2026-03-04T03:28:21.851Z",
    "end": "2026-03-04T03:28:28.905Z",
    "duration": 7054,
    "testsRegistered": 3,
    "passPercent": 100,
    "pendingPercent": 0,
    "other": 0,
    "hasOther": false,
    "skipped": 0,
    "hasSkipped": false
  },
  "results": [
    {
      "uuid": "52267648-9830-492c-ac49-0e3e0a8168f1",
      "title": "",
      "fullFile": "cypress\\e2e\\loginPage.cy.js",
      "file": "cypress\\e2e\\loginPage.cy.js",
      "beforeHooks": [],
      "afterHooks": [],
      "tests": [],
      "suites": [
        {
          "uuid": "6fc80bae-7f0b-48f7-8cb3-7e12f8315847",
          "title": "Data Driven Testing - Login Page",
          "fullFile": "",
          "file": "",
          "beforeHooks": [],
          "afterHooks": [],
          "tests": [
            {
              "title": "TC01 - Berhasil login dengan kredensial valid",
              "fullTitle": "Data Driven Testing - Login Page TC01 - Berhasil login dengan kredensial valid",
              "timedOut": null,
              "duration": 2250,
              "state": "passed",
              "speed": "fast",
              "pass": true,
              "fail": false,
              "pending": false,
              "context": null,
              "code": "const {\n  user_name,\n  password\n} = loginData.validLogin;\ncy.get('#user-name').clear().type(user_name);\ncy.get('#password').clear().type(password);\ncy.get('#login-button').click();\n// Validasi: redirect ke halaman inventory\ncy.url().should('include', '/inventory.html');\ncy.url().should('not.include', 'saucedemo.com/$');",
              "err": {},
              "uuid": "c4d04938-fcf9-4d04-b85a-14b00e182c07",
              "parentUUID": "6fc80bae-7f0b-48f7-8cb3-7e12f8315847",
              "isHook": false,
              "skipped": false
            },
            {
              "title": "TC02 - Gagal login dengan kredensial tidak valid",
              "fullTitle": "Data Driven Testing - Login Page TC02 - Gagal login dengan kredensial tidak valid",
              "timedOut": null,
              "duration": 1145,
              "state": "passed",
              "speed": "fast",
              "pass": true,
              "fail": false,
              "pending": false,
              "context": null,
              "code": "const {\n  user_name,\n  password\n} = loginData.invalidLogin;\ncy.get('#user-name').clear().type(user_name);\ncy.get('#password').clear().type(password);\ncy.get('#login-button').click();\n// Validasi: tetap di halaman login & muncul pesan error\ncy.url().should('eq', 'https://www.saucedemo.com/');\ncy.get('[data-test=\"error\"]').should('be.visible');",
              "err": {},
              "uuid": "eebdc9ae-7473-478b-aefe-0b0428285a24",
              "parentUUID": "6fc80bae-7f0b-48f7-8cb3-7e12f8315847",
              "isHook": false,
              "skipped": false
            },
            {
              "title": "TC03 - Field Login Wajib Terisi",
              "fullTitle": "Data Driven Testing - Login Page TC03 - Field Login Wajib Terisi",
              "timedOut": null,
              "duration": 1379,
              "state": "passed",
              "speed": "fast",
              "pass": true,
              "fail": false,
              "pending": false,
              "context": null,
              "code": "const {\n  user_name,\n  password\n} = loginData.emptyLogin;\ncy.get('#user-name').clear().type(user_name);\ncy.get('#password').clear().type(password);\ncy.get('#login-button').click();\n// Validasi: tetap di halaman login & muncul pesan error\ncy.url().should('eq', 'https://www.saucedemo.com/');\ncy.get('[data-test=\"error\"]').should('be.visible');",
              "err": {},
              "uuid": "058dffc0-61c1-4e91-91e0-a1f3fd0aa902",
              "parentUUID": "6fc80bae-7f0b-48f7-8cb3-7e12f8315847",
              "isHook": false,
              "skipped": false
            }
          ],
          "suites": [],
          "passes": [
            "c4d04938-fcf9-4d04-b85a-14b00e182c07",
            "eebdc9ae-7473-478b-aefe-0b0428285a24",
            "058dffc0-61c1-4e91-91e0-a1f3fd0aa902"
          ],
          "failures": [],
          "pending": [],
          "skipped": [],
          "duration": 4774,
          "root": false,
          "rootEmpty": false,
          "_timeout": 2000
        }
      ],
      "passes": [],
      "failures": [],
      "pending": [],
      "skipped": [],
      "duration": 0,
      "root": true,
      "rootEmpty": true,
      "_timeout": 2000
    }
  ],
  "meta": {
    "mocha": {
      "version": "7.2.0"
    },
    "mochawesome": {
      "options": {
        "quiet": false,
        "reportFilename": "mochawesome",
        "saveHtml": true,
        "saveJson": true,
        "consoleReporter": "spec",
        "useInlineDiffs": false,
        "code": true
      },
      "version": "7.1.4"
    },
    "marge": {
      "options": {
        "reportDir": "cypress/results",
        "overwrite": false,
        "html": true,
        "json": true
      },
      "version": "6.3.2"
    }
  }
}