{
  "stats": {
    "suites": 1,
    "tests": 1,
    "passes": 1,
    "pending": 0,
    "failures": 0,
    "start": "2026-03-04T03:28:11.586Z",
    "end": "2026-03-04T03:28:19.497Z",
    "duration": 7911,
    "testsRegistered": 1,
    "passPercent": 100,
    "pendingPercent": 0,
    "other": 0,
    "hasOther": false,
    "skipped": 0,
    "hasSkipped": false
  },
  "results": [
    {
      "uuid": "5e2d0e31-a070-482e-bc17-cf5c8757ec94",
      "title": "",
      "fullFile": "cypress\\e2e\\checkOut.cy.js",
      "file": "cypress\\e2e\\checkOut.cy.js",
      "beforeHooks": [],
      "afterHooks": [],
      "tests": [],
      "suites": [
        {
          "uuid": "cd8cd1f0-197b-4001-9d78-3b0e69bff5bb",
          "title": "Data Driven - CheckOut Feature",
          "fullFile": "",
          "file": "",
          "beforeHooks": [],
          "afterHooks": [],
          "tests": [
            {
              "title": "TC_CO_01 - Succesfull Checkout 2 Items",
              "fullTitle": "Data Driven - CheckOut Feature TC_CO_01 - Succesfull Checkout 2 Items",
              "timedOut": null,
              "duration": 5555,
              "state": "passed",
              "speed": "medium",
              "pass": true,
              "fail": false,
              "pending": false,
              "context": null,
              "code": "//assertion : (/inventory.html) page\ncy.url().should('include', '/inventory.html');\n//Pilih 2 item random\ninventoryPage.addRandomProduct(2);\ninventoryPage.goToCart();\ncy.url().should('include', '/cart.html');\ncheckoutPage.checkoutButton.click();\ncheckoutPage.fillCheckoutForm(\n//isikan data dari fixtures [\"ID\"]\nformCo.dataCo[\"firstName\"], formCo.dataCo[\"lastName\"], formCo.dataCo[\"postalCode\"]);\ncheckoutPage.continueButton.click();\n//Finish\ncheckoutPage.finishButton.click();\n//Assertion\ncheckoutPage.verifyCheckoutSuccess();",
              "err": {},
              "uuid": "6bd76a9f-9ebe-414d-9488-25e22e240f40",
              "parentUUID": "cd8cd1f0-197b-4001-9d78-3b0e69bff5bb",
              "isHook": false,
              "skipped": false
            }
          ],
          "suites": [],
          "passes": [
            "6bd76a9f-9ebe-414d-9488-25e22e240f40"
          ],
          "failures": [],
          "pending": [],
          "skipped": [],
          "duration": 5555,
          "root": false,
          "rootEmpty": false,
          "_timeout": 2000
        }
      ],
      "passes": [],
      "failures": [],
      "pending": [],
      "skipped": [],
      "duration": 0,
      "root": true,
      "rootEmpty": true,
      "_timeout": 2000
    }
  ],
  "meta": {
    "mocha": {
      "version": "7.2.0"
    },
    "mochawesome": {
      "options": {
        "quiet": false,
        "reportFilename": "mochawesome",
        "saveHtml": true,
        "saveJson": true,
        "consoleReporter": "spec",
        "useInlineDiffs": false,
        "code": true
      },
      "version": "7.1.4"
    },
    "marge": {
      "options": {
        "reportDir": "cypress/results",
        "overwrite": false,
        "html": true,
        "json": true
      },
      "version": "6.3.2"
    }
  }
}