{
  "stats": {
    "suites": 1,
    "tests": 2,
    "passes": 2,
    "pending": 0,
    "failures": 0,
    "start": "2026-03-03T09:25:16.741Z",
    "end": "2026-03-03T09:25:25.290Z",
    "duration": 8549,
    "testsRegistered": 2,
    "passPercent": 100,
    "pendingPercent": 0,
    "other": 0,
    "hasOther": false,
    "skipped": 0,
    "hasSkipped": false
  },
  "results": [
    {
      "uuid": "b392ca7c-6b02-46c4-b189-c3a7c80b99a3",
      "title": "",
      "fullFile": "cypress\\e2e\\loginPage.cy.js",
      "file": "cypress\\e2e\\loginPage.cy.js",
      "beforeHooks": [],
      "afterHooks": [],
      "tests": [],
      "suites": [
        {
          "uuid": "5b966ab4-9d39-40e7-8dab-59351d42c74e",
          "title": "Data Driven Testing - Login Page",
          "fullFile": "",
          "file": "",
          "beforeHooks": [],
          "afterHooks": [],
          "tests": [
            {
              "title": "TC01 - Berhasil login dengan kredensial valid",
              "fullTitle": "Data Driven Testing - Login Page TC01 - Berhasil login dengan kredensial valid",
              "timedOut": null,
              "duration": 4698,
              "state": "passed",
              "speed": "fast",
              "pass": true,
              "fail": false,
              "pending": false,
              "context": null,
              "code": "const {\n  user_name,\n  password\n} = loginData.validLogin;\ncy.get('#user-name').clear().type(user_name);\ncy.get('#password').clear().type(password);\ncy.get('#login-button').click();\n// Validasi: redirect ke halaman inventory\ncy.url().should('include', '/inventory.html');\ncy.url().should('not.include', 'saucedemo.com/$');",
              "err": {},
              "uuid": "0273f9a9-dba8-4968-b307-0a7a4e5e21d3",
              "parentUUID": "5b966ab4-9d39-40e7-8dab-59351d42c74e",
              "isHook": false,
              "skipped": false
            },
            {
              "title": "TC02 - Gagal login dengan kredensial tidak valid",
              "fullTitle": "Data Driven Testing - Login Page TC02 - Gagal login dengan kredensial tidak valid",
              "timedOut": null,
              "duration": 1490,
              "state": "passed",
              "speed": "fast",
              "pass": true,
              "fail": false,
              "pending": false,
              "context": null,
              "code": "const {\n  user_name,\n  password\n} = loginData.invalidLogin;\ncy.get('#user-name').clear().type(user_name);\ncy.get('#password').clear().type(password);\ncy.get('#login-button').click();\n// Validasi: tetap di halaman login & muncul pesan error\ncy.url().should('eq', 'https://www.saucedemo.com/');\ncy.get('[data-test=\"error\"]').should('be.visible');",
              "err": {},
              "uuid": "bc9adb96-a066-498e-bc3a-c42487213d00",
              "parentUUID": "5b966ab4-9d39-40e7-8dab-59351d42c74e",
              "isHook": false,
              "skipped": false
            }
          ],
          "suites": [],
          "passes": [
            "0273f9a9-dba8-4968-b307-0a7a4e5e21d3",
            "bc9adb96-a066-498e-bc3a-c42487213d00"
          ],
          "failures": [],
          "pending": [],
          "skipped": [],
          "duration": 6188,
          "root": false,
          "rootEmpty": false,
          "_timeout": 2000
        }
      ],
      "passes": [],
      "failures": [],
      "pending": [],
      "skipped": [],
      "duration": 0,
      "root": true,
      "rootEmpty": true,
      "_timeout": 2000
    }
  ],
  "meta": {
    "mocha": {
      "version": "7.2.0"
    },
    "mochawesome": {
      "options": {
        "quiet": false,
        "reportFilename": "mochawesome",
        "saveHtml": true,
        "saveJson": true,
        "consoleReporter": "spec",
        "useInlineDiffs": false,
        "code": true
      },
      "version": "7.1.4"
    },
    "marge": {
      "options": {
        "reportDir": "cypress/results",
        "overwrite": false,
        "html": true,
        "json": true
      },
      "version": "6.3.2"
    }
  }
}