{
  "stats": {
    "suites": 7,
    "tests": 23,
    "passes": 23,
    "pending": 0,
    "failures": 0,
    "start": "2026-03-03T09:25:27.470Z",
    "end": "2026-03-03T09:25:45.261Z",
    "duration": 17791,
    "testsRegistered": 23,
    "passPercent": 100,
    "pendingPercent": 0,
    "other": 0,
    "hasOther": false,
    "skipped": 0,
    "hasSkipped": false
  },
  "results": [
    {
      "uuid": "d2553c79-2630-42a3-ab6c-5a51bafa22b0",
      "title": "",
      "fullFile": "cypress\\e2e\\Training\\basic.cy.js",
      "file": "cypress\\e2e\\Training\\basic.cy.js",
      "beforeHooks": [],
      "afterHooks": [],
      "tests": [],
      "suites": [
        {
          "uuid": "39cbc29c-5b95-4e75-ab14-d77fb960af3a",
          "title": "Basic Selector & Actions - Sauce Dem0",
          "fullFile": "",
          "file": "",
          "beforeHooks": [],
          "afterHooks": [],
          "tests": [],
          "suites": [
            {
              "uuid": "422347ba-e6f6-4ca3-933c-675821566037",
              "title": "1. Visit Page",
              "fullFile": "",
              "file": "",
              "beforeHooks": [],
              "afterHooks": [],
              "tests": [
                {
                  "title": "SHould visit the page",
                  "fullTitle": "Basic Selector & Actions - Sauce Dem0 1. Visit Page SHould visit the page",
                  "timedOut": null,
                  "duration": 1021,
                  "state": "passed",
                  "speed": "fast",
                  "pass": true,
                  "fail": false,
                  "pending": false,
                  "context": null,
                  "code": "cy.visit('https://www.saucedemo.com/');\ncy.url().should('include', 'saucedemo.com');",
                  "err": {},
                  "uuid": "f8b4b558-41b4-4507-83c0-88e49979cf44",
                  "parentUUID": "422347ba-e6f6-4ca3-933c-675821566037",
                  "isHook": false,
                  "skipped": false
                },
                {
                  "title": "should visit the inventory page (after login)",
                  "fullTitle": "Basic Selector & Actions - Sauce Dem0 1. Visit Page should visit the inventory page (after login)",
                  "timedOut": null,
                  "duration": 1012,
                  "state": "passed",
                  "speed": "fast",
                  "pass": true,
                  "fail": false,
                  "pending": false,
                  "context": null,
                  "code": "cy.visit('https://www.saucedemo.com/');\ncy.get('[name=\"user-name\"]').type('standart_user');\ncy.get('[name=\"password\"]').type('secret_sauce');\ncy.get('[name=\"login-button\"]').click();\n// cy.location('pathname').should('eq','/inventory.html')",
                  "err": {},
                  "uuid": "ab0fdccf-9f6d-48ad-9c63-d2a08db3a153",
                  "parentUUID": "422347ba-e6f6-4ca3-933c-675821566037",
                  "isHook": false,
                  "skipped": false
                },
                {
                  "title": "should visit the card page (after login)",
                  "fullTitle": "Basic Selector & Actions - Sauce Dem0 1. Visit Page should visit the card page (after login)",
                  "timedOut": null,
                  "duration": 1533,
                  "state": "passed",
                  "speed": "fast",
                  "pass": true,
                  "fail": false,
                  "pending": false,
                  "context": null,
                  "code": "cy.visit('https://www.saucedemo.com/');\ncy.get('#user-name').type('standard_user');\ncy.get('#password').type('secret_sauce');\ncy.get('#login-button').click();\ncy.get('.shopping_cart_link').click();\ncy.url().should('eq', 'https://www.saucedemo.com/cart.html');",
                  "err": {},
                  "uuid": "f617335f-7a84-4988-aaa2-e4dc9265e42f",
                  "parentUUID": "422347ba-e6f6-4ca3-933c-675821566037",
                  "isHook": false,
                  "skipped": false
                }
              ],
              "suites": [],
              "passes": [
                "f8b4b558-41b4-4507-83c0-88e49979cf44",
                "ab0fdccf-9f6d-48ad-9c63-d2a08db3a153",
                "f617335f-7a84-4988-aaa2-e4dc9265e42f"
              ],
              "failures": [],
              "pending": [],
              "skipped": [],
              "duration": 3566,
              "root": false,
              "rootEmpty": false,
              "_timeout": 2000
            },
            {
              "uuid": "9b20f9f4-0550-4fff-a180-0bc146bc70b5",
              "title": "Basic Selector & Actions - Sauce Demo",
              "fullFile": "",
              "file": "",
              "beforeHooks": [],
              "afterHooks": [],
              "tests": [
                {
                  "title": "get element by ID -> #user-name",
                  "fullTitle": "Basic Selector & Actions - Sauce Dem0 Basic Selector & Actions - Sauce Demo get element by ID -> #user-name",
                  "timedOut": null,
                  "duration": 166,
                  "state": "passed",
                  "speed": "fast",
                  "pass": true,
                  "fail": false,
                  "pending": false,
                  "context": null,
                  "code": "cy.get('#user-name').should('exist');",
                  "err": {},
                  "uuid": "61a50e0d-8d78-4933-968f-89a48ec47649",
                  "parentUUID": "9b20f9f4-0550-4fff-a180-0bc146bc70b5",
                  "isHook": false,
                  "skipped": false
                },
                {
                  "title": "get element by Class -> .login_container",
                  "fullTitle": "Basic Selector & Actions - Sauce Dem0 Basic Selector & Actions - Sauce Demo get element by Class -> .login_container",
                  "timedOut": null,
                  "duration": 106,
                  "state": "passed",
                  "speed": "fast",
                  "pass": true,
                  "fail": false,
                  "pending": false,
                  "context": null,
                  "code": "cy.get('.login_container').should('be.visible');",
                  "err": {},
                  "uuid": "9e81e9cf-d28a-4913-90fa-3795b0a42cb0",
                  "parentUUID": "9b20f9f4-0550-4fff-a180-0bc146bc70b5",
                  "isHook": false,
                  "skipped": false
                },
                {
                  "title": "get element by Tag -> input",
                  "fullTitle": "Basic Selector & Actions - Sauce Dem0 Basic Selector & Actions - Sauce Demo get element by Tag -> input",
                  "timedOut": null,
                  "duration": 107,
                  "state": "passed",
                  "speed": "fast",
                  "pass": true,
                  "fail": false,
                  "pending": false,
                  "context": null,
                  "code": "cy.get('input').should('exist');",
                  "err": {},
                  "uuid": "dda05694-f479-479b-88a3-64fccf6843d5",
                  "parentUUID": "9b20f9f4-0550-4fff-a180-0bc146bc70b5",
                  "isHook": false,
                  "skipped": false
                },
                {
                  "title": "get element by Attribute -> input[type=\"password\"]",
                  "fullTitle": "Basic Selector & Actions - Sauce Dem0 Basic Selector & Actions - Sauce Demo get element by Attribute -> input[type=\"password\"]",
                  "timedOut": null,
                  "duration": 107,
                  "state": "passed",
                  "speed": "fast",
                  "pass": true,
                  "fail": false,
                  "pending": false,
                  "context": null,
                  "code": "cy.get('[type=\"password\"]').should('exist');",
                  "err": {},
                  "uuid": "5f43339e-1cee-45d4-ab8a-3d3732a8a8b9",
                  "parentUUID": "9b20f9f4-0550-4fff-a180-0bc146bc70b5",
                  "isHook": false,
                  "skipped": false
                },
                {
                  "title": "get element by Combined selector -> input#user-name",
                  "fullTitle": "Basic Selector & Actions - Sauce Dem0 Basic Selector & Actions - Sauce Demo get element by Combined selector -> input#user-name",
                  "timedOut": null,
                  "duration": 131,
                  "state": "passed",
                  "speed": "fast",
                  "pass": true,
                  "fail": false,
                  "pending": false,
                  "context": null,
                  "code": "cy.get('input#user-name').should('exist');",
                  "err": {},
                  "uuid": "ff9ed137-e748-49a3-a92c-d26b367974b5",
                  "parentUUID": "9b20f9f4-0550-4fff-a180-0bc146bc70b5",
                  "isHook": false,
                  "skipped": false
                },
                {
                  "title": "get element by Text -> cy.contains",
                  "fullTitle": "Basic Selector & Actions - Sauce Dem0 Basic Selector & Actions - Sauce Demo get element by Text -> cy.contains",
                  "timedOut": null,
                  "duration": 124,
                  "state": "passed",
                  "speed": "fast",
                  "pass": true,
                  "fail": false,
                  "pending": false,
                  "context": null,
                  "code": "cy.contains('Swag Labs').should('be.visible');\ncy.contains('Login').should('exist');",
                  "err": {},
                  "uuid": "e6862440-3792-4016-a146-31f93365b55d",
                  "parentUUID": "9b20f9f4-0550-4fff-a180-0bc146bc70b5",
                  "isHook": false,
                  "skipped": false
                }
              ],
              "suites": [],
              "passes": [
                "61a50e0d-8d78-4933-968f-89a48ec47649",
                "9e81e9cf-d28a-4913-90fa-3795b0a42cb0",
                "dda05694-f479-479b-88a3-64fccf6843d5",
                "5f43339e-1cee-45d4-ab8a-3d3732a8a8b9",
                "ff9ed137-e748-49a3-a92c-d26b367974b5",
                "e6862440-3792-4016-a146-31f93365b55d"
              ],
              "failures": [],
              "pending": [],
              "skipped": [],
              "duration": 741,
              "root": false,
              "rootEmpty": false,
              "_timeout": 2000
            },
            {
              "uuid": "1e7c27a7-4822-4fca-9bb2-86af71537c75",
              "title": "3. Type Text - Mengetik di Input Field",
              "fullFile": "",
              "file": "",
              "beforeHooks": [],
              "afterHooks": [],
              "tests": [
                {
                  "title": "Should type username into username field",
                  "fullTitle": "Basic Selector & Actions - Sauce Dem0 3. Type Text - Mengetik di Input Field Should type username into username field",
                  "timedOut": null,
                  "duration": 409,
                  "state": "passed",
                  "speed": "fast",
                  "pass": true,
                  "fail": false,
                  "pending": false,
                  "context": null,
                  "code": "cy.get('#user-name').type('standard_user').should('have.value', 'standard_user');",
                  "err": {},
                  "uuid": "472e0adc-d678-4d46-860f-1bc567489f7a",
                  "parentUUID": "1e7c27a7-4822-4fca-9bb2-86af71537c75",
                  "isHook": false,
                  "skipped": false
                },
                {
                  "title": "Should type password into password field",
                  "fullTitle": "Basic Selector & Actions - Sauce Dem0 3. Type Text - Mengetik di Input Field Should type password into password field",
                  "timedOut": null,
                  "duration": 397,
                  "state": "passed",
                  "speed": "fast",
                  "pass": true,
                  "fail": false,
                  "pending": false,
                  "context": null,
                  "code": "cy.get('#password').type('secret_sauce').should('have.value', 'secret_sauce');",
                  "err": {},
                  "uuid": "48cb8cc4-ef28-4ebb-8945-2972cd440f27",
                  "parentUUID": "1e7c27a7-4822-4fca-9bb2-86af71537c75",
                  "isHook": false,
                  "skipped": false
                },
                {
                  "title": "Should clear field and retype username",
                  "fullTitle": "Basic Selector & Actions - Sauce Dem0 3. Type Text - Mengetik di Input Field Should clear field and retype username",
                  "timedOut": null,
                  "duration": 519,
                  "state": "passed",
                  "speed": "fast",
                  "pass": true,
                  "fail": false,
                  "pending": false,
                  "context": null,
                  "code": "cy.get('#user-name').clear().type('standard_user').should('have.value', 'standard_user');",
                  "err": {},
                  "uuid": "0509320d-d9af-461f-ab98-b087fbefc49c",
                  "parentUUID": "1e7c27a7-4822-4fca-9bb2-86af71537c75",
                  "isHook": false,
                  "skipped": false
                },
                {
                  "title": "Should clear field and retype password",
                  "fullTitle": "Basic Selector & Actions - Sauce Dem0 3. Type Text - Mengetik di Input Field Should clear field and retype password",
                  "timedOut": null,
                  "duration": 496,
                  "state": "passed",
                  "speed": "fast",
                  "pass": true,
                  "fail": false,
                  "pending": false,
                  "context": null,
                  "code": "cy.get('#password').clear().type('secret_sauce').should('have.value', 'secret_sauce');",
                  "err": {},
                  "uuid": "2a54ab7a-d0fa-4e3f-b152-0c195acc9b67",
                  "parentUUID": "1e7c27a7-4822-4fca-9bb2-86af71537c75",
                  "isHook": false,
                  "skipped": false
                }
              ],
              "suites": [],
              "passes": [
                "472e0adc-d678-4d46-860f-1bc567489f7a",
                "48cb8cc4-ef28-4ebb-8945-2972cd440f27",
                "0509320d-d9af-461f-ab98-b087fbefc49c",
                "2a54ab7a-d0fa-4e3f-b152-0c195acc9b67"
              ],
              "failures": [],
              "pending": [],
              "skipped": [],
              "duration": 1821,
              "root": false,
              "rootEmpty": false,
              "_timeout": 2000
            },
            {
              "uuid": "6ef87dc3-0bc7-42b7-978a-220dd05fc17b",
              "title": "4. Click - Klik Element",
              "fullFile": "",
              "file": "",
              "beforeHooks": [],
              "afterHooks": [],
              "tests": [
                {
                  "title": "should click login button to login",
                  "fullTitle": "Basic Selector & Actions - Sauce Dem0 4. Click - Klik Element should click login button to login",
                  "timedOut": null,
                  "duration": 828,
                  "state": "passed",
                  "speed": "fast",
                  "pass": true,
                  "fail": false,
                  "pending": false,
                  "context": null,
                  "code": "cy.visit('https://www.saucedemo.com/');\ncy.get('#user-name').type('standard_user');\ncy.get('#password').type('secret_sauce');\ncy.get('#login-button').click();\ncy.url().should('include', '/inventory.html');",
                  "err": {},
                  "uuid": "3a296e7d-c553-46bf-8ec2-be6bd93af990",
                  "parentUUID": "6ef87dc3-0bc7-42b7-978a-220dd05fc17b",
                  "isHook": false,
                  "skipped": false
                }
              ],
              "suites": [],
              "passes": [
                "3a296e7d-c553-46bf-8ec2-be6bd93af990"
              ],
              "failures": [],
              "pending": [],
              "skipped": [],
              "duration": 828,
              "root": false,
              "rootEmpty": false,
              "_timeout": 2000
            },
            {
              "uuid": "3238c13d-5c9a-4353-a5e6-0b5d168d30a6",
              "title": "5. Assertions - Validasi Element",
              "fullFile": "",
              "file": "",
              "beforeHooks": [],
              "afterHooks": [],
              "tests": [
                {
                  "title": "should verify element EXISTS",
                  "fullTitle": "Basic Selector & Actions - Sauce Dem0 5. Assertions - Validasi Element should verify element EXISTS",
                  "timedOut": null,
                  "duration": 111,
                  "state": "passed",
                  "speed": "fast",
                  "pass": true,
                  "fail": false,
                  "pending": false,
                  "context": null,
                  "code": "cy.get('.login_container').should('exist');",
                  "err": {},
                  "uuid": "f54e2efd-740e-4430-bdcc-164544179165",
                  "parentUUID": "3238c13d-5c9a-4353-a5e6-0b5d168d30a6",
                  "isHook": false,
                  "skipped": false
                },
                {
                  "title": "should verify element IS VISIBLE",
                  "fullTitle": "Basic Selector & Actions - Sauce Dem0 5. Assertions - Validasi Element should verify element IS VISIBLE",
                  "timedOut": null,
                  "duration": 107,
                  "state": "passed",
                  "speed": "fast",
                  "pass": true,
                  "fail": false,
                  "pending": false,
                  "context": null,
                  "code": "cy.get('.login_container').should('be.visible');",
                  "err": {},
                  "uuid": "2400caf6-c046-4bc0-b988-856d7d7ef019",
                  "parentUUID": "3238c13d-5c9a-4353-a5e6-0b5d168d30a6",
                  "isHook": false,
                  "skipped": false
                },
                {
                  "title": "should verify element HAS ATTRIBUTE",
                  "fullTitle": "Basic Selector & Actions - Sauce Dem0 5. Assertions - Validasi Element should verify element HAS ATTRIBUTE",
                  "timedOut": null,
                  "duration": 130,
                  "state": "passed",
                  "speed": "fast",
                  "pass": true,
                  "fail": false,
                  "pending": false,
                  "context": null,
                  "code": "cy.get('#user-name').should('have.attr', 'placeholder', 'Username');",
                  "err": {},
                  "uuid": "9f001063-39ab-4537-abfc-7eb0062b91b9",
                  "parentUUID": "3238c13d-5c9a-4353-a5e6-0b5d168d30a6",
                  "isHook": false,
                  "skipped": false
                },
                {
                  "title": "should verify element count (HAVE LENGTH)",
                  "fullTitle": "Basic Selector & Actions - Sauce Dem0 5. Assertions - Validasi Element should verify element count (HAVE LENGTH)",
                  "timedOut": null,
                  "duration": 112,
                  "state": "passed",
                  "speed": "fast",
                  "pass": true,
                  "fail": false,
                  "pending": false,
                  "context": null,
                  "code": "cy.get('input').should('have.length.greaterThan', 1);",
                  "err": {},
                  "uuid": "38c666bc-a7f5-41e8-b141-4c285ba79688",
                  "parentUUID": "3238c13d-5c9a-4353-a5e6-0b5d168d30a6",
                  "isHook": false,
                  "skipped": false
                },
                {
                  "title": "should verify page TITLE",
                  "fullTitle": "Basic Selector & Actions - Sauce Dem0 5. Assertions - Validasi Element should verify page TITLE",
                  "timedOut": null,
                  "duration": 125,
                  "state": "passed",
                  "speed": "fast",
                  "pass": true,
                  "fail": false,
                  "pending": false,
                  "context": null,
                  "code": "cy.title().should('contain', 'Swag Labs');",
                  "err": {},
                  "uuid": "7d100a68-3616-4394-8df8-b8e6e84c377a",
                  "parentUUID": "3238c13d-5c9a-4353-a5e6-0b5d168d30a6",
                  "isHook": false,
                  "skipped": false
                },
                {
                  "title": "should verify URL contains specific path",
                  "fullTitle": "Basic Selector & Actions - Sauce Dem0 5. Assertions - Validasi Element should verify URL contains specific path",
                  "timedOut": null,
                  "duration": 133,
                  "state": "passed",
                  "speed": "fast",
                  "pass": true,
                  "fail": false,
                  "pending": false,
                  "context": null,
                  "code": "cy.url().should('include', 'saucedemo.com');",
                  "err": {},
                  "uuid": "7345a196-9f2b-43e4-9f69-d6ed6e62fe52",
                  "parentUUID": "3238c13d-5c9a-4353-a5e6-0b5d168d30a6",
                  "isHook": false,
                  "skipped": false
                }
              ],
              "suites": [],
              "passes": [
                "f54e2efd-740e-4430-bdcc-164544179165",
                "2400caf6-c046-4bc0-b988-856d7d7ef019",
                "9f001063-39ab-4537-abfc-7eb0062b91b9",
                "38c666bc-a7f5-41e8-b141-4c285ba79688",
                "7d100a68-3616-4394-8df8-b8e6e84c377a",
                "7345a196-9f2b-43e4-9f69-d6ed6e62fe52"
              ],
              "failures": [],
              "pending": [],
              "skipped": [],
              "duration": 718,
              "root": false,
              "rootEmpty": false,
              "_timeout": 2000
            },
            {
              "uuid": "eec37c6e-7288-4aef-a147-b9709d1989f3",
              "title": "6. Wait - Menunggu",
              "fullFile": "",
              "file": "",
              "beforeHooks": [],
              "afterHooks": [],
              "tests": [
                {
                  "title": "should wait 2 seconds before checking the page",
                  "fullTitle": "Basic Selector & Actions - Sauce Dem0 6. Wait - Menunggu should wait 2 seconds before checking the page",
                  "timedOut": null,
                  "duration": 2122,
                  "state": "passed",
                  "speed": "fast",
                  "pass": true,
                  "fail": false,
                  "pending": false,
                  "context": null,
                  "code": "cy.visit('https://www.saucedemo.com/');\ncy.wait(2000); // Tunggu 2 detik\ncy.get('.login_container').should('be.visible');",
                  "err": {},
                  "uuid": "a2b426b3-3b6e-4321-9eb3-957ac299f116",
                  "parentUUID": "eec37c6e-7288-4aef-a147-b9709d1989f3",
                  "isHook": false,
                  "skipped": false
                },
                {
                  "title": "should wait between actions",
                  "fullTitle": "Basic Selector & Actions - Sauce Dem0 6. Wait - Menunggu should wait between actions",
                  "timedOut": null,
                  "duration": 2742,
                  "state": "passed",
                  "speed": "fast",
                  "pass": true,
                  "fail": false,
                  "pending": false,
                  "context": null,
                  "code": "cy.visit('https://www.saucedemo.com/');\ncy.get('#user-name').type('standard_user');\ncy.wait(1000); // Tunggu 1 detik\ncy.get('#password').type('secret_sauce');\ncy.wait(1000); // Tunggu 1 detik\ncy.get('#user-name').should('have.value', 'standard_user');\ncy.get('#password').should('have.value', 'secret_sauce');",
                  "err": {},
                  "uuid": "94145c31-6e5b-4474-8369-93c1a658b37d",
                  "parentUUID": "eec37c6e-7288-4aef-a147-b9709d1989f3",
                  "isHook": false,
                  "skipped": false
                },
                {
                  "title": "should wait after clicking login",
                  "fullTitle": "Basic Selector & Actions - Sauce Dem0 6. Wait - Menunggu should wait after clicking login",
                  "timedOut": null,
                  "duration": 2825,
                  "state": "passed",
                  "speed": "fast",
                  "pass": true,
                  "fail": false,
                  "pending": false,
                  "context": null,
                  "code": "cy.visit('https://www.saucedemo.com/');\ncy.get('#user-name').type('standard_user');\ncy.get('#password').type('secret_sauce');\ncy.get('#login-button').click();\ncy.wait(2000); // Tunggu halaman selesai load\ncy.url().should('include', '/inventory.html');\ncy.get('.title').should('contain.text', 'Products');",
                  "err": {},
                  "uuid": "9f5a5fc6-0612-48e7-98bb-acb15e7e0b64",
                  "parentUUID": "eec37c6e-7288-4aef-a147-b9709d1989f3",
                  "isHook": false,
                  "skipped": false
                }
              ],
              "suites": [],
              "passes": [
                "a2b426b3-3b6e-4321-9eb3-957ac299f116",
                "94145c31-6e5b-4474-8369-93c1a658b37d",
                "9f5a5fc6-0612-48e7-98bb-acb15e7e0b64"
              ],
              "failures": [],
              "pending": [],
              "skipped": [],
              "duration": 7689,
              "root": false,
              "rootEmpty": false,
              "_timeout": 2000
            }
          ],
          "passes": [],
          "failures": [],
          "pending": [],
          "skipped": [],
          "duration": 0,
          "root": false,
          "rootEmpty": false,
          "_timeout": 2000
        }
      ],
      "passes": [],
      "failures": [],
      "pending": [],
      "skipped": [],
      "duration": 0,
      "root": true,
      "rootEmpty": true,
      "_timeout": 2000
    }
  ],
  "meta": {
    "mocha": {
      "version": "7.2.0"
    },
    "mochawesome": {
      "options": {
        "quiet": false,
        "reportFilename": "mochawesome",
        "saveHtml": true,
        "saveJson": true,
        "consoleReporter": "spec",
        "useInlineDiffs": false,
        "code": true
      },
      "version": "7.1.4"
    },
    "marge": {
      "options": {
        "reportDir": "cypress/results",
        "overwrite": false,
        "html": true,
        "json": true
      },
      "version": "6.3.2"
    }
  }
}