{
  "stats": {
    "suites": 7,
    "tests": 23,
    "passes": 23,
    "pending": 0,
    "failures": 0,
    "start": "2026-03-04T04:31:48.708Z",
    "end": "2026-03-04T04:32:12.216Z",
    "duration": 23508,
    "testsRegistered": 23,
    "passPercent": 100,
    "pendingPercent": 0,
    "other": 0,
    "hasOther": false,
    "skipped": 0,
    "hasSkipped": false
  },
  "results": [
    {
      "uuid": "ed1b35b8-7e4c-4df7-a74d-d5200086a0d7",
      "title": "",
      "fullFile": "cypress\\e2e\\Training\\basic.cy.js",
      "file": "cypress\\e2e\\Training\\basic.cy.js",
      "beforeHooks": [],
      "afterHooks": [],
      "tests": [],
      "suites": [
        {
          "uuid": "a0cfbce4-b052-48af-b08b-fd254cce5d65",
          "title": "Basic Selector & Actions - Sauce Dem0",
          "fullFile": "",
          "file": "",
          "beforeHooks": [],
          "afterHooks": [],
          "tests": [],
          "suites": [
            {
              "uuid": "d707f747-45ed-498e-bec8-286178f4a43f",
              "title": "1. Visit Page",
              "fullFile": "",
              "file": "",
              "beforeHooks": [],
              "afterHooks": [],
              "tests": [
                {
                  "title": "SHould visit the page",
                  "fullTitle": "Basic Selector & Actions - Sauce Dem0 1. Visit Page SHould visit the page",
                  "timedOut": null,
                  "duration": 2414,
                  "state": "passed",
                  "speed": "fast",
                  "pass": true,
                  "fail": false,
                  "pending": false,
                  "context": null,
                  "code": "cy.visit('https://www.saucedemo.com/');\ncy.url().should('include', 'saucedemo.com');",
                  "err": {},
                  "uuid": "3a14d4dd-1477-499d-933b-904c7508defc",
                  "parentUUID": "d707f747-45ed-498e-bec8-286178f4a43f",
                  "isHook": false,
                  "skipped": false
                },
                {
                  "title": "should visit the inventory page (after login)",
                  "fullTitle": "Basic Selector & Actions - Sauce Dem0 1. Visit Page should visit the inventory page (after login)",
                  "timedOut": null,
                  "duration": 1140,
                  "state": "passed",
                  "speed": "fast",
                  "pass": true,
                  "fail": false,
                  "pending": false,
                  "context": null,
                  "code": "cy.visit('https://www.saucedemo.com/');\ncy.get('[name=\"user-name\"]').type('standart_user');\ncy.get('[name=\"password\"]').type('secret_sauce');\ncy.get('[name=\"login-button\"]').click();\n// cy.location('pathname').should('eq','/inventory.html')",
                  "err": {},
                  "uuid": "39033778-ee61-4b96-b832-f3f63e0b946f",
                  "parentUUID": "d707f747-45ed-498e-bec8-286178f4a43f",
                  "isHook": false,
                  "skipped": false
                },
                {
                  "title": "should visit the card page (after login)",
                  "fullTitle": "Basic Selector & Actions - Sauce Dem0 1. Visit Page should visit the card page (after login)",
                  "timedOut": null,
                  "duration": 1153,
                  "state": "passed",
                  "speed": "fast",
                  "pass": true,
                  "fail": false,
                  "pending": false,
                  "context": null,
                  "code": "cy.visit('https://www.saucedemo.com/');\ncy.get('#user-name').type('standard_user');\ncy.get('#password').type('secret_sauce');\ncy.get('#login-button').click();\ncy.get('.shopping_cart_link').click();\ncy.url().should('eq', 'https://www.saucedemo.com/cart.html');",
                  "err": {},
                  "uuid": "cf3b7946-2460-4ef1-8ac1-d8a1213c8b84",
                  "parentUUID": "d707f747-45ed-498e-bec8-286178f4a43f",
                  "isHook": false,
                  "skipped": false
                }
              ],
              "suites": [],
              "passes": [
                "3a14d4dd-1477-499d-933b-904c7508defc",
                "39033778-ee61-4b96-b832-f3f63e0b946f",
                "cf3b7946-2460-4ef1-8ac1-d8a1213c8b84"
              ],
              "failures": [],
              "pending": [],
              "skipped": [],
              "duration": 4707,
              "root": false,
              "rootEmpty": false,
              "_timeout": 2000
            },
            {
              "uuid": "e1c1bdea-3baa-4490-bf3d-66cb869678d4",
              "title": "Basic Selector & Actions - Sauce Demo",
              "fullFile": "",
              "file": "",
              "beforeHooks": [],
              "afterHooks": [],
              "tests": [
                {
                  "title": "get element by ID -> #user-name",
                  "fullTitle": "Basic Selector & Actions - Sauce Dem0 Basic Selector & Actions - Sauce Demo get element by ID -> #user-name",
                  "timedOut": null,
                  "duration": 360,
                  "state": "passed",
                  "speed": "fast",
                  "pass": true,
                  "fail": false,
                  "pending": false,
                  "context": null,
                  "code": "cy.get('#user-name').should('exist');",
                  "err": {},
                  "uuid": "9c8f9b24-9d5d-4b59-b4d9-5218086933db",
                  "parentUUID": "e1c1bdea-3baa-4490-bf3d-66cb869678d4",
                  "isHook": false,
                  "skipped": false
                },
                {
                  "title": "get element by Class -> .login_container",
                  "fullTitle": "Basic Selector & Actions - Sauce Dem0 Basic Selector & Actions - Sauce Demo get element by Class -> .login_container",
                  "timedOut": null,
                  "duration": 195,
                  "state": "passed",
                  "speed": "fast",
                  "pass": true,
                  "fail": false,
                  "pending": false,
                  "context": null,
                  "code": "cy.get('.login_container').should('be.visible');",
                  "err": {},
                  "uuid": "7f7a8205-ff74-47f8-9cdf-39958caaf729",
                  "parentUUID": "e1c1bdea-3baa-4490-bf3d-66cb869678d4",
                  "isHook": false,
                  "skipped": false
                },
                {
                  "title": "get element by Tag -> input",
                  "fullTitle": "Basic Selector & Actions - Sauce Dem0 Basic Selector & Actions - Sauce Demo get element by Tag -> input",
                  "timedOut": null,
                  "duration": 232,
                  "state": "passed",
                  "speed": "fast",
                  "pass": true,
                  "fail": false,
                  "pending": false,
                  "context": null,
                  "code": "cy.get('input').should('exist');",
                  "err": {},
                  "uuid": "03483dcf-5460-47c7-a13b-11a1e94a44d1",
                  "parentUUID": "e1c1bdea-3baa-4490-bf3d-66cb869678d4",
                  "isHook": false,
                  "skipped": false
                },
                {
                  "title": "get element by Attribute -> input[type=\"password\"]",
                  "fullTitle": "Basic Selector & Actions - Sauce Dem0 Basic Selector & Actions - Sauce Demo get element by Attribute -> input[type=\"password\"]",
                  "timedOut": null,
                  "duration": 182,
                  "state": "passed",
                  "speed": "fast",
                  "pass": true,
                  "fail": false,
                  "pending": false,
                  "context": null,
                  "code": "cy.get('[type=\"password\"]').should('exist');",
                  "err": {},
                  "uuid": "304715d8-7439-4505-8085-156179b6a05d",
                  "parentUUID": "e1c1bdea-3baa-4490-bf3d-66cb869678d4",
                  "isHook": false,
                  "skipped": false
                },
                {
                  "title": "get element by Combined selector -> input#user-name",
                  "fullTitle": "Basic Selector & Actions - Sauce Dem0 Basic Selector & Actions - Sauce Demo get element by Combined selector -> input#user-name",
                  "timedOut": null,
                  "duration": 213,
                  "state": "passed",
                  "speed": "fast",
                  "pass": true,
                  "fail": false,
                  "pending": false,
                  "context": null,
                  "code": "cy.get('input#user-name').should('exist');",
                  "err": {},
                  "uuid": "5f6bef59-b8be-4a91-9708-e63e0af8ef62",
                  "parentUUID": "e1c1bdea-3baa-4490-bf3d-66cb869678d4",
                  "isHook": false,
                  "skipped": false
                },
                {
                  "title": "get element by Text -> cy.contains",
                  "fullTitle": "Basic Selector & Actions - Sauce Dem0 Basic Selector & Actions - Sauce Demo get element by Text -> cy.contains",
                  "timedOut": null,
                  "duration": 182,
                  "state": "passed",
                  "speed": "fast",
                  "pass": true,
                  "fail": false,
                  "pending": false,
                  "context": null,
                  "code": "cy.contains('Swag Labs').should('be.visible');\ncy.contains('Login').should('exist');",
                  "err": {},
                  "uuid": "8865117b-f92b-433c-a904-4267ad97efa3",
                  "parentUUID": "e1c1bdea-3baa-4490-bf3d-66cb869678d4",
                  "isHook": false,
                  "skipped": false
                }
              ],
              "suites": [],
              "passes": [
                "9c8f9b24-9d5d-4b59-b4d9-5218086933db",
                "7f7a8205-ff74-47f8-9cdf-39958caaf729",
                "03483dcf-5460-47c7-a13b-11a1e94a44d1",
                "304715d8-7439-4505-8085-156179b6a05d",
                "5f6bef59-b8be-4a91-9708-e63e0af8ef62",
                "8865117b-f92b-433c-a904-4267ad97efa3"
              ],
              "failures": [],
              "pending": [],
              "skipped": [],
              "duration": 1364,
              "root": false,
              "rootEmpty": false,
              "_timeout": 2000
            },
            {
              "uuid": "c7602eb7-cad0-4080-ac62-20f05bf764a2",
              "title": "3. Type Text - Mengetik di Input Field",
              "fullFile": "",
              "file": "",
              "beforeHooks": [],
              "afterHooks": [],
              "tests": [
                {
                  "title": "Should type username into username field",
                  "fullTitle": "Basic Selector & Actions - Sauce Dem0 3. Type Text - Mengetik di Input Field Should type username into username field",
                  "timedOut": null,
                  "duration": 544,
                  "state": "passed",
                  "speed": "fast",
                  "pass": true,
                  "fail": false,
                  "pending": false,
                  "context": null,
                  "code": "cy.get('#user-name').type('standard_user').should('have.value', 'standard_user');",
                  "err": {},
                  "uuid": "8b94d22f-215f-49ed-b3ee-f804571f438e",
                  "parentUUID": "c7602eb7-cad0-4080-ac62-20f05bf764a2",
                  "isHook": false,
                  "skipped": false
                },
                {
                  "title": "Should type password into password field",
                  "fullTitle": "Basic Selector & Actions - Sauce Dem0 3. Type Text - Mengetik di Input Field Should type password into password field",
                  "timedOut": null,
                  "duration": 529,
                  "state": "passed",
                  "speed": "fast",
                  "pass": true,
                  "fail": false,
                  "pending": false,
                  "context": null,
                  "code": "cy.get('#password').type('secret_sauce').should('have.value', 'secret_sauce');",
                  "err": {},
                  "uuid": "c97ebd42-e779-4542-a49b-278ac655e6b5",
                  "parentUUID": "c7602eb7-cad0-4080-ac62-20f05bf764a2",
                  "isHook": false,
                  "skipped": false
                },
                {
                  "title": "Should clear field and retype username",
                  "fullTitle": "Basic Selector & Actions - Sauce Dem0 3. Type Text - Mengetik di Input Field Should clear field and retype username",
                  "timedOut": null,
                  "duration": 1255,
                  "state": "passed",
                  "speed": "fast",
                  "pass": true,
                  "fail": false,
                  "pending": false,
                  "context": null,
                  "code": "cy.get('#user-name').clear().type('standard_user').should('have.value', 'standard_user');",
                  "err": {},
                  "uuid": "e3280012-4698-47c0-a3fd-46b2c03758c4",
                  "parentUUID": "c7602eb7-cad0-4080-ac62-20f05bf764a2",
                  "isHook": false,
                  "skipped": false
                },
                {
                  "title": "Should clear field and retype password",
                  "fullTitle": "Basic Selector & Actions - Sauce Dem0 3. Type Text - Mengetik di Input Field Should clear field and retype password",
                  "timedOut": null,
                  "duration": 619,
                  "state": "passed",
                  "speed": "fast",
                  "pass": true,
                  "fail": false,
                  "pending": false,
                  "context": null,
                  "code": "cy.get('#password').clear().type('secret_sauce').should('have.value', 'secret_sauce');",
                  "err": {},
                  "uuid": "ead46dc2-5d51-41d1-8b5f-c85071e2f117",
                  "parentUUID": "c7602eb7-cad0-4080-ac62-20f05bf764a2",
                  "isHook": false,
                  "skipped": false
                }
              ],
              "suites": [],
              "passes": [
                "8b94d22f-215f-49ed-b3ee-f804571f438e",
                "c97ebd42-e779-4542-a49b-278ac655e6b5",
                "e3280012-4698-47c0-a3fd-46b2c03758c4",
                "ead46dc2-5d51-41d1-8b5f-c85071e2f117"
              ],
              "failures": [],
              "pending": [],
              "skipped": [],
              "duration": 2947,
              "root": false,
              "rootEmpty": false,
              "_timeout": 2000
            },
            {
              "uuid": "83f2aa30-5dd8-4c24-bbd3-62cb752dae1b",
              "title": "4. Click - Klik Element",
              "fullFile": "",
              "file": "",
              "beforeHooks": [],
              "afterHooks": [],
              "tests": [
                {
                  "title": "should click login button to login",
                  "fullTitle": "Basic Selector & Actions - Sauce Dem0 4. Click - Klik Element should click login button to login",
                  "timedOut": null,
                  "duration": 966,
                  "state": "passed",
                  "speed": "fast",
                  "pass": true,
                  "fail": false,
                  "pending": false,
                  "context": null,
                  "code": "cy.visit('https://www.saucedemo.com/');\ncy.get('#user-name').type('standard_user');\ncy.get('#password').type('secret_sauce');\ncy.get('#login-button').click();\ncy.url().should('include', '/inventory.html');",
                  "err": {},
                  "uuid": "2cb422a8-691c-48e8-bfb7-a598d37e16dd",
                  "parentUUID": "83f2aa30-5dd8-4c24-bbd3-62cb752dae1b",
                  "isHook": false,
                  "skipped": false
                }
              ],
              "suites": [],
              "passes": [
                "2cb422a8-691c-48e8-bfb7-a598d37e16dd"
              ],
              "failures": [],
              "pending": [],
              "skipped": [],
              "duration": 966,
              "root": false,
              "rootEmpty": false,
              "_timeout": 2000
            },
            {
              "uuid": "c4b03abb-31a2-4ebc-80df-64aee53429b3",
              "title": "5. Assertions - Validasi Element",
              "fullFile": "",
              "file": "",
              "beforeHooks": [],
              "afterHooks": [],
              "tests": [
                {
                  "title": "should verify element EXISTS",
                  "fullTitle": "Basic Selector & Actions - Sauce Dem0 5. Assertions - Validasi Element should verify element EXISTS",
                  "timedOut": null,
                  "duration": 162,
                  "state": "passed",
                  "speed": "fast",
                  "pass": true,
                  "fail": false,
                  "pending": false,
                  "context": null,
                  "code": "cy.get('.login_container').should('exist');",
                  "err": {},
                  "uuid": "6285f29e-f6f8-49be-861a-ab7b5871e8e2",
                  "parentUUID": "c4b03abb-31a2-4ebc-80df-64aee53429b3",
                  "isHook": false,
                  "skipped": false
                },
                {
                  "title": "should verify element IS VISIBLE",
                  "fullTitle": "Basic Selector & Actions - Sauce Dem0 5. Assertions - Validasi Element should verify element IS VISIBLE",
                  "timedOut": null,
                  "duration": 154,
                  "state": "passed",
                  "speed": "fast",
                  "pass": true,
                  "fail": false,
                  "pending": false,
                  "context": null,
                  "code": "cy.get('.login_container').should('be.visible');",
                  "err": {},
                  "uuid": "16fdd249-b155-4a0b-b27e-d29c3370aa55",
                  "parentUUID": "c4b03abb-31a2-4ebc-80df-64aee53429b3",
                  "isHook": false,
                  "skipped": false
                },
                {
                  "title": "should verify element HAS ATTRIBUTE",
                  "fullTitle": "Basic Selector & Actions - Sauce Dem0 5. Assertions - Validasi Element should verify element HAS ATTRIBUTE",
                  "timedOut": null,
                  "duration": 147,
                  "state": "passed",
                  "speed": "fast",
                  "pass": true,
                  "fail": false,
                  "pending": false,
                  "context": null,
                  "code": "cy.get('#user-name').should('have.attr', 'placeholder', 'Username');",
                  "err": {},
                  "uuid": "d0efbdc8-98fa-4071-9da0-1ca1a6689995",
                  "parentUUID": "c4b03abb-31a2-4ebc-80df-64aee53429b3",
                  "isHook": false,
                  "skipped": false
                },
                {
                  "title": "should verify element count (HAVE LENGTH)",
                  "fullTitle": "Basic Selector & Actions - Sauce Dem0 5. Assertions - Validasi Element should verify element count (HAVE LENGTH)",
                  "timedOut": null,
                  "duration": 183,
                  "state": "passed",
                  "speed": "fast",
                  "pass": true,
                  "fail": false,
                  "pending": false,
                  "context": null,
                  "code": "cy.get('input').should('have.length.greaterThan', 1);",
                  "err": {},
                  "uuid": "8ce30e0c-2846-465d-a125-cfd272fca009",
                  "parentUUID": "c4b03abb-31a2-4ebc-80df-64aee53429b3",
                  "isHook": false,
                  "skipped": false
                },
                {
                  "title": "should verify page TITLE",
                  "fullTitle": "Basic Selector & Actions - Sauce Dem0 5. Assertions - Validasi Element should verify page TITLE",
                  "timedOut": null,
                  "duration": 167,
                  "state": "passed",
                  "speed": "fast",
                  "pass": true,
                  "fail": false,
                  "pending": false,
                  "context": null,
                  "code": "cy.title().should('contain', 'Swag Labs');",
                  "err": {},
                  "uuid": "c7d2aca2-2f50-4294-827e-795c53caea8b",
                  "parentUUID": "c4b03abb-31a2-4ebc-80df-64aee53429b3",
                  "isHook": false,
                  "skipped": false
                },
                {
                  "title": "should verify URL contains specific path",
                  "fullTitle": "Basic Selector & Actions - Sauce Dem0 5. Assertions - Validasi Element should verify URL contains specific path",
                  "timedOut": null,
                  "duration": 162,
                  "state": "passed",
                  "speed": "fast",
                  "pass": true,
                  "fail": false,
                  "pending": false,
                  "context": null,
                  "code": "cy.url().should('include', 'saucedemo.com');",
                  "err": {},
                  "uuid": "ff690d0e-b643-42b8-8b93-a6f5c8e14c44",
                  "parentUUID": "c4b03abb-31a2-4ebc-80df-64aee53429b3",
                  "isHook": false,
                  "skipped": false
                }
              ],
              "suites": [],
              "passes": [
                "6285f29e-f6f8-49be-861a-ab7b5871e8e2",
                "16fdd249-b155-4a0b-b27e-d29c3370aa55",
                "d0efbdc8-98fa-4071-9da0-1ca1a6689995",
                "8ce30e0c-2846-465d-a125-cfd272fca009",
                "c7d2aca2-2f50-4294-827e-795c53caea8b",
                "ff690d0e-b643-42b8-8b93-a6f5c8e14c44"
              ],
              "failures": [],
              "pending": [],
              "skipped": [],
              "duration": 975,
              "root": false,
              "rootEmpty": false,
              "_timeout": 2000
            },
            {
              "uuid": "b4cfe7b7-be99-43cc-a727-13295536145f",
              "title": "6. Wait - Menunggu",
              "fullFile": "",
              "file": "",
              "beforeHooks": [],
              "afterHooks": [],
              "tests": [
                {
                  "title": "should wait 2 seconds before checking the page",
                  "fullTitle": "Basic Selector & Actions - Sauce Dem0 6. Wait - Menunggu should wait 2 seconds before checking the page",
                  "timedOut": null,
                  "duration": 2254,
                  "state": "passed",
                  "speed": "fast",
                  "pass": true,
                  "fail": false,
                  "pending": false,
                  "context": null,
                  "code": "cy.visit('https://www.saucedemo.com/');\ncy.wait(2000); // Tunggu 2 detik\ncy.get('.login_container').should('be.visible');",
                  "err": {},
                  "uuid": "f3dd523c-b0c5-4bc6-b72b-c33db9b64230",
                  "parentUUID": "b4cfe7b7-be99-43cc-a727-13295536145f",
                  "isHook": false,
                  "skipped": false
                },
                {
                  "title": "should wait between actions",
                  "fullTitle": "Basic Selector & Actions - Sauce Dem0 6. Wait - Menunggu should wait between actions",
                  "timedOut": null,
                  "duration": 2793,
                  "state": "passed",
                  "speed": "fast",
                  "pass": true,
                  "fail": false,
                  "pending": false,
                  "context": null,
                  "code": "cy.visit('https://www.saucedemo.com/');\ncy.get('#user-name').type('standard_user');\ncy.wait(1000); // Tunggu 1 detik\ncy.get('#password').type('secret_sauce');\ncy.wait(1000); // Tunggu 1 detik\ncy.get('#user-name').should('have.value', 'standard_user');\ncy.get('#password').should('have.value', 'secret_sauce');",
                  "err": {},
                  "uuid": "72935282-633e-4c57-af0d-72132d06bf67",
                  "parentUUID": "b4cfe7b7-be99-43cc-a727-13295536145f",
                  "isHook": false,
                  "skipped": false
                },
                {
                  "title": "should wait after clicking login",
                  "fullTitle": "Basic Selector & Actions - Sauce Dem0 6. Wait - Menunggu should wait after clicking login",
                  "timedOut": null,
                  "duration": 2915,
                  "state": "passed",
                  "speed": "fast",
                  "pass": true,
                  "fail": false,
                  "pending": false,
                  "context": null,
                  "code": "cy.visit('https://www.saucedemo.com/');\ncy.get('#user-name').type('standard_user');\ncy.get('#password').type('secret_sauce');\ncy.get('#login-button').click();\ncy.wait(2000); // Tunggu halaman selesai load\ncy.url().should('include', '/inventory.html');\ncy.get('.title').should('contain.text', 'Products');",
                  "err": {},
                  "uuid": "8bdbdc5d-866e-4aec-8b08-7418028564b3",
                  "parentUUID": "b4cfe7b7-be99-43cc-a727-13295536145f",
                  "isHook": false,
                  "skipped": false
                }
              ],
              "suites": [],
              "passes": [
                "f3dd523c-b0c5-4bc6-b72b-c33db9b64230",
                "72935282-633e-4c57-af0d-72132d06bf67",
                "8bdbdc5d-866e-4aec-8b08-7418028564b3"
              ],
              "failures": [],
              "pending": [],
              "skipped": [],
              "duration": 7962,
              "root": false,
              "rootEmpty": false,
              "_timeout": 2000
            }
          ],
          "passes": [],
          "failures": [],
          "pending": [],
          "skipped": [],
          "duration": 0,
          "root": false,
          "rootEmpty": false,
          "_timeout": 2000
        }
      ],
      "passes": [],
      "failures": [],
      "pending": [],
      "skipped": [],
      "duration": 0,
      "root": true,
      "rootEmpty": true,
      "_timeout": 2000
    }
  ],
  "meta": {
    "mocha": {
      "version": "7.2.0"
    },
    "mochawesome": {
      "options": {
        "quiet": false,
        "reportFilename": "mochawesome",
        "saveHtml": true,
        "saveJson": true,
        "consoleReporter": "spec",
        "useInlineDiffs": false,
        "code": true
      },
      "version": "7.1.4"
    },
    "marge": {
      "options": {
        "reportDir": "cypress/results",
        "overwrite": false,
        "html": true,
        "json": true
      },
      "version": "6.3.2"
    }
  }
}