{
  "stats": {
    "suites": 7,
    "tests": 23,
    "passes": 23,
    "pending": 0,
    "failures": 0,
    "start": "2026-03-04T03:28:31.250Z",
    "end": "2026-03-04T03:28:52.066Z",
    "duration": 20816,
    "testsRegistered": 23,
    "passPercent": 100,
    "pendingPercent": 0,
    "other": 0,
    "hasOther": false,
    "skipped": 0,
    "hasSkipped": false
  },
  "results": [
    {
      "uuid": "44f65069-0d21-43b5-ae33-3771682c3735",
      "title": "",
      "fullFile": "cypress\\e2e\\Training\\basic.cy.js",
      "file": "cypress\\e2e\\Training\\basic.cy.js",
      "beforeHooks": [],
      "afterHooks": [],
      "tests": [],
      "suites": [
        {
          "uuid": "b9d292f8-275e-4e9e-a501-78899f2bbce7",
          "title": "Basic Selector & Actions - Sauce Dem0",
          "fullFile": "",
          "file": "",
          "beforeHooks": [],
          "afterHooks": [],
          "tests": [],
          "suites": [
            {
              "uuid": "210d9209-a334-4f01-93b2-27c0fd6216a8",
              "title": "1. Visit Page",
              "fullFile": "",
              "file": "",
              "beforeHooks": [],
              "afterHooks": [],
              "tests": [
                {
                  "title": "SHould visit the page",
                  "fullTitle": "Basic Selector & Actions - Sauce Dem0 1. Visit Page SHould visit the page",
                  "timedOut": null,
                  "duration": 754,
                  "state": "passed",
                  "speed": "fast",
                  "pass": true,
                  "fail": false,
                  "pending": false,
                  "context": null,
                  "code": "cy.visit('https://www.saucedemo.com/');\ncy.url().should('include', 'saucedemo.com');",
                  "err": {},
                  "uuid": "46cdbd58-9b27-4d02-986a-5bec9ead8b3b",
                  "parentUUID": "210d9209-a334-4f01-93b2-27c0fd6216a8",
                  "isHook": false,
                  "skipped": false
                },
                {
                  "title": "should visit the inventory page (after login)",
                  "fullTitle": "Basic Selector & Actions - Sauce Dem0 1. Visit Page should visit the inventory page (after login)",
                  "timedOut": null,
                  "duration": 965,
                  "state": "passed",
                  "speed": "fast",
                  "pass": true,
                  "fail": false,
                  "pending": false,
                  "context": null,
                  "code": "cy.visit('https://www.saucedemo.com/');\ncy.get('[name=\"user-name\"]').type('standart_user');\ncy.get('[name=\"password\"]').type('secret_sauce');\ncy.get('[name=\"login-button\"]').click();\n// cy.location('pathname').should('eq','/inventory.html')",
                  "err": {},
                  "uuid": "7cab9e3c-fcb3-4338-93b2-83a5a47fd846",
                  "parentUUID": "210d9209-a334-4f01-93b2-27c0fd6216a8",
                  "isHook": false,
                  "skipped": false
                },
                {
                  "title": "should visit the card page (after login)",
                  "fullTitle": "Basic Selector & Actions - Sauce Dem0 1. Visit Page should visit the card page (after login)",
                  "timedOut": null,
                  "duration": 994,
                  "state": "passed",
                  "speed": "fast",
                  "pass": true,
                  "fail": false,
                  "pending": false,
                  "context": null,
                  "code": "cy.visit('https://www.saucedemo.com/');\ncy.get('#user-name').type('standard_user');\ncy.get('#password').type('secret_sauce');\ncy.get('#login-button').click();\ncy.get('.shopping_cart_link').click();\ncy.url().should('eq', 'https://www.saucedemo.com/cart.html');",
                  "err": {},
                  "uuid": "284f685d-9f20-4e5f-ab55-b9422bc1867a",
                  "parentUUID": "210d9209-a334-4f01-93b2-27c0fd6216a8",
                  "isHook": false,
                  "skipped": false
                }
              ],
              "suites": [],
              "passes": [
                "46cdbd58-9b27-4d02-986a-5bec9ead8b3b",
                "7cab9e3c-fcb3-4338-93b2-83a5a47fd846",
                "284f685d-9f20-4e5f-ab55-b9422bc1867a"
              ],
              "failures": [],
              "pending": [],
              "skipped": [],
              "duration": 2713,
              "root": false,
              "rootEmpty": false,
              "_timeout": 2000
            },
            {
              "uuid": "f3ce0bf1-f724-4ec7-ac51-5ba7d02b3014",
              "title": "Basic Selector & Actions - Sauce Demo",
              "fullFile": "",
              "file": "",
              "beforeHooks": [],
              "afterHooks": [],
              "tests": [
                {
                  "title": "get element by ID -> #user-name",
                  "fullTitle": "Basic Selector & Actions - Sauce Dem0 Basic Selector & Actions - Sauce Demo get element by ID -> #user-name",
                  "timedOut": null,
                  "duration": 523,
                  "state": "passed",
                  "speed": "fast",
                  "pass": true,
                  "fail": false,
                  "pending": false,
                  "context": null,
                  "code": "cy.get('#user-name').should('exist');",
                  "err": {},
                  "uuid": "77177ee2-06ed-42b6-9081-353637532482",
                  "parentUUID": "f3ce0bf1-f724-4ec7-ac51-5ba7d02b3014",
                  "isHook": false,
                  "skipped": false
                },
                {
                  "title": "get element by Class -> .login_container",
                  "fullTitle": "Basic Selector & Actions - Sauce Dem0 Basic Selector & Actions - Sauce Demo get element by Class -> .login_container",
                  "timedOut": null,
                  "duration": 194,
                  "state": "passed",
                  "speed": "fast",
                  "pass": true,
                  "fail": false,
                  "pending": false,
                  "context": null,
                  "code": "cy.get('.login_container').should('be.visible');",
                  "err": {},
                  "uuid": "e8d770fb-a627-41d2-b2f7-edad7f99ec15",
                  "parentUUID": "f3ce0bf1-f724-4ec7-ac51-5ba7d02b3014",
                  "isHook": false,
                  "skipped": false
                },
                {
                  "title": "get element by Tag -> input",
                  "fullTitle": "Basic Selector & Actions - Sauce Dem0 Basic Selector & Actions - Sauce Demo get element by Tag -> input",
                  "timedOut": null,
                  "duration": 412,
                  "state": "passed",
                  "speed": "fast",
                  "pass": true,
                  "fail": false,
                  "pending": false,
                  "context": null,
                  "code": "cy.get('input').should('exist');",
                  "err": {},
                  "uuid": "80e5320e-87e3-4625-ade8-e16867081116",
                  "parentUUID": "f3ce0bf1-f724-4ec7-ac51-5ba7d02b3014",
                  "isHook": false,
                  "skipped": false
                },
                {
                  "title": "get element by Attribute -> input[type=\"password\"]",
                  "fullTitle": "Basic Selector & Actions - Sauce Dem0 Basic Selector & Actions - Sauce Demo get element by Attribute -> input[type=\"password\"]",
                  "timedOut": null,
                  "duration": 1270,
                  "state": "passed",
                  "speed": "fast",
                  "pass": true,
                  "fail": false,
                  "pending": false,
                  "context": null,
                  "code": "cy.get('[type=\"password\"]').should('exist');",
                  "err": {},
                  "uuid": "8a3d1d9c-7735-4118-880e-235c2583ea97",
                  "parentUUID": "f3ce0bf1-f724-4ec7-ac51-5ba7d02b3014",
                  "isHook": false,
                  "skipped": false
                },
                {
                  "title": "get element by Combined selector -> input#user-name",
                  "fullTitle": "Basic Selector & Actions - Sauce Dem0 Basic Selector & Actions - Sauce Demo get element by Combined selector -> input#user-name",
                  "timedOut": null,
                  "duration": 146,
                  "state": "passed",
                  "speed": "fast",
                  "pass": true,
                  "fail": false,
                  "pending": false,
                  "context": null,
                  "code": "cy.get('input#user-name').should('exist');",
                  "err": {},
                  "uuid": "def8efce-15e9-4263-9b10-33df69803c82",
                  "parentUUID": "f3ce0bf1-f724-4ec7-ac51-5ba7d02b3014",
                  "isHook": false,
                  "skipped": false
                },
                {
                  "title": "get element by Text -> cy.contains",
                  "fullTitle": "Basic Selector & Actions - Sauce Dem0 Basic Selector & Actions - Sauce Demo get element by Text -> cy.contains",
                  "timedOut": null,
                  "duration": 148,
                  "state": "passed",
                  "speed": "fast",
                  "pass": true,
                  "fail": false,
                  "pending": false,
                  "context": null,
                  "code": "cy.contains('Swag Labs').should('be.visible');\ncy.contains('Login').should('exist');",
                  "err": {},
                  "uuid": "d5311425-4a7b-4e61-be8f-d1d720d5da9e",
                  "parentUUID": "f3ce0bf1-f724-4ec7-ac51-5ba7d02b3014",
                  "isHook": false,
                  "skipped": false
                }
              ],
              "suites": [],
              "passes": [
                "77177ee2-06ed-42b6-9081-353637532482",
                "e8d770fb-a627-41d2-b2f7-edad7f99ec15",
                "80e5320e-87e3-4625-ade8-e16867081116",
                "8a3d1d9c-7735-4118-880e-235c2583ea97",
                "def8efce-15e9-4263-9b10-33df69803c82",
                "d5311425-4a7b-4e61-be8f-d1d720d5da9e"
              ],
              "failures": [],
              "pending": [],
              "skipped": [],
              "duration": 2693,
              "root": false,
              "rootEmpty": false,
              "_timeout": 2000
            },
            {
              "uuid": "627827c7-ad6e-45c2-928f-458814ef57ac",
              "title": "3. Type Text - Mengetik di Input Field",
              "fullFile": "",
              "file": "",
              "beforeHooks": [],
              "afterHooks": [],
              "tests": [
                {
                  "title": "Should type username into username field",
                  "fullTitle": "Basic Selector & Actions - Sauce Dem0 3. Type Text - Mengetik di Input Field Should type username into username field",
                  "timedOut": null,
                  "duration": 451,
                  "state": "passed",
                  "speed": "fast",
                  "pass": true,
                  "fail": false,
                  "pending": false,
                  "context": null,
                  "code": "cy.get('#user-name').type('standard_user').should('have.value', 'standard_user');",
                  "err": {},
                  "uuid": "817fd703-1cba-4bfe-893c-d20d17db2260",
                  "parentUUID": "627827c7-ad6e-45c2-928f-458814ef57ac",
                  "isHook": false,
                  "skipped": false
                },
                {
                  "title": "Should type password into password field",
                  "fullTitle": "Basic Selector & Actions - Sauce Dem0 3. Type Text - Mengetik di Input Field Should type password into password field",
                  "timedOut": null,
                  "duration": 448,
                  "state": "passed",
                  "speed": "fast",
                  "pass": true,
                  "fail": false,
                  "pending": false,
                  "context": null,
                  "code": "cy.get('#password').type('secret_sauce').should('have.value', 'secret_sauce');",
                  "err": {},
                  "uuid": "5f08cfb9-c28d-47c6-834e-4bc4bd48e9e0",
                  "parentUUID": "627827c7-ad6e-45c2-928f-458814ef57ac",
                  "isHook": false,
                  "skipped": false
                },
                {
                  "title": "Should clear field and retype username",
                  "fullTitle": "Basic Selector & Actions - Sauce Dem0 3. Type Text - Mengetik di Input Field Should clear field and retype username",
                  "timedOut": null,
                  "duration": 555,
                  "state": "passed",
                  "speed": "fast",
                  "pass": true,
                  "fail": false,
                  "pending": false,
                  "context": null,
                  "code": "cy.get('#user-name').clear().type('standard_user').should('have.value', 'standard_user');",
                  "err": {},
                  "uuid": "d22d0590-8a1b-4274-8bfb-b6f414612d4e",
                  "parentUUID": "627827c7-ad6e-45c2-928f-458814ef57ac",
                  "isHook": false,
                  "skipped": false
                },
                {
                  "title": "Should clear field and retype password",
                  "fullTitle": "Basic Selector & Actions - Sauce Dem0 3. Type Text - Mengetik di Input Field Should clear field and retype password",
                  "timedOut": null,
                  "duration": 601,
                  "state": "passed",
                  "speed": "fast",
                  "pass": true,
                  "fail": false,
                  "pending": false,
                  "context": null,
                  "code": "cy.get('#password').clear().type('secret_sauce').should('have.value', 'secret_sauce');",
                  "err": {},
                  "uuid": "30b0db32-6cee-468b-ae28-a2747f167bbf",
                  "parentUUID": "627827c7-ad6e-45c2-928f-458814ef57ac",
                  "isHook": false,
                  "skipped": false
                }
              ],
              "suites": [],
              "passes": [
                "817fd703-1cba-4bfe-893c-d20d17db2260",
                "5f08cfb9-c28d-47c6-834e-4bc4bd48e9e0",
                "d22d0590-8a1b-4274-8bfb-b6f414612d4e",
                "30b0db32-6cee-468b-ae28-a2747f167bbf"
              ],
              "failures": [],
              "pending": [],
              "skipped": [],
              "duration": 2055,
              "root": false,
              "rootEmpty": false,
              "_timeout": 2000
            },
            {
              "uuid": "a47e78e7-363e-4d7d-8a80-89ae3a73bfb0",
              "title": "4. Click - Klik Element",
              "fullFile": "",
              "file": "",
              "beforeHooks": [],
              "afterHooks": [],
              "tests": [
                {
                  "title": "should click login button to login",
                  "fullTitle": "Basic Selector & Actions - Sauce Dem0 4. Click - Klik Element should click login button to login",
                  "timedOut": null,
                  "duration": 841,
                  "state": "passed",
                  "speed": "fast",
                  "pass": true,
                  "fail": false,
                  "pending": false,
                  "context": null,
                  "code": "cy.visit('https://www.saucedemo.com/');\ncy.get('#user-name').type('standard_user');\ncy.get('#password').type('secret_sauce');\ncy.get('#login-button').click();\ncy.url().should('include', '/inventory.html');",
                  "err": {},
                  "uuid": "277ba77a-018f-4f2d-b335-23af5869de1a",
                  "parentUUID": "a47e78e7-363e-4d7d-8a80-89ae3a73bfb0",
                  "isHook": false,
                  "skipped": false
                }
              ],
              "suites": [],
              "passes": [
                "277ba77a-018f-4f2d-b335-23af5869de1a"
              ],
              "failures": [],
              "pending": [],
              "skipped": [],
              "duration": 841,
              "root": false,
              "rootEmpty": false,
              "_timeout": 2000
            },
            {
              "uuid": "4f4e39af-c7f5-45c2-a157-aa4fb8829b8b",
              "title": "5. Assertions - Validasi Element",
              "fullFile": "",
              "file": "",
              "beforeHooks": [],
              "afterHooks": [],
              "tests": [
                {
                  "title": "should verify element EXISTS",
                  "fullTitle": "Basic Selector & Actions - Sauce Dem0 5. Assertions - Validasi Element should verify element EXISTS",
                  "timedOut": null,
                  "duration": 142,
                  "state": "passed",
                  "speed": "fast",
                  "pass": true,
                  "fail": false,
                  "pending": false,
                  "context": null,
                  "code": "cy.get('.login_container').should('exist');",
                  "err": {},
                  "uuid": "bababb05-9e28-4129-9a1d-15aa750c8f17",
                  "parentUUID": "4f4e39af-c7f5-45c2-a157-aa4fb8829b8b",
                  "isHook": false,
                  "skipped": false
                },
                {
                  "title": "should verify element IS VISIBLE",
                  "fullTitle": "Basic Selector & Actions - Sauce Dem0 5. Assertions - Validasi Element should verify element IS VISIBLE",
                  "timedOut": null,
                  "duration": 136,
                  "state": "passed",
                  "speed": "fast",
                  "pass": true,
                  "fail": false,
                  "pending": false,
                  "context": null,
                  "code": "cy.get('.login_container').should('be.visible');",
                  "err": {},
                  "uuid": "1a2ef7dd-2e2f-4434-96f8-2de4da7f5b97",
                  "parentUUID": "4f4e39af-c7f5-45c2-a157-aa4fb8829b8b",
                  "isHook": false,
                  "skipped": false
                },
                {
                  "title": "should verify element HAS ATTRIBUTE",
                  "fullTitle": "Basic Selector & Actions - Sauce Dem0 5. Assertions - Validasi Element should verify element HAS ATTRIBUTE",
                  "timedOut": null,
                  "duration": 139,
                  "state": "passed",
                  "speed": "fast",
                  "pass": true,
                  "fail": false,
                  "pending": false,
                  "context": null,
                  "code": "cy.get('#user-name').should('have.attr', 'placeholder', 'Username');",
                  "err": {},
                  "uuid": "ae3e8783-19f6-4c68-82c4-274982da40e8",
                  "parentUUID": "4f4e39af-c7f5-45c2-a157-aa4fb8829b8b",
                  "isHook": false,
                  "skipped": false
                },
                {
                  "title": "should verify element count (HAVE LENGTH)",
                  "fullTitle": "Basic Selector & Actions - Sauce Dem0 5. Assertions - Validasi Element should verify element count (HAVE LENGTH)",
                  "timedOut": null,
                  "duration": 146,
                  "state": "passed",
                  "speed": "fast",
                  "pass": true,
                  "fail": false,
                  "pending": false,
                  "context": null,
                  "code": "cy.get('input').should('have.length.greaterThan', 1);",
                  "err": {},
                  "uuid": "3aed5d4e-9edf-4219-bc34-ab2fd6fa33bd",
                  "parentUUID": "4f4e39af-c7f5-45c2-a157-aa4fb8829b8b",
                  "isHook": false,
                  "skipped": false
                },
                {
                  "title": "should verify page TITLE",
                  "fullTitle": "Basic Selector & Actions - Sauce Dem0 5. Assertions - Validasi Element should verify page TITLE",
                  "timedOut": null,
                  "duration": 153,
                  "state": "passed",
                  "speed": "fast",
                  "pass": true,
                  "fail": false,
                  "pending": false,
                  "context": null,
                  "code": "cy.title().should('contain', 'Swag Labs');",
                  "err": {},
                  "uuid": "31c440a0-6b9f-49ed-9e86-9400093d62c0",
                  "parentUUID": "4f4e39af-c7f5-45c2-a157-aa4fb8829b8b",
                  "isHook": false,
                  "skipped": false
                },
                {
                  "title": "should verify URL contains specific path",
                  "fullTitle": "Basic Selector & Actions - Sauce Dem0 5. Assertions - Validasi Element should verify URL contains specific path",
                  "timedOut": null,
                  "duration": 153,
                  "state": "passed",
                  "speed": "fast",
                  "pass": true,
                  "fail": false,
                  "pending": false,
                  "context": null,
                  "code": "cy.url().should('include', 'saucedemo.com');",
                  "err": {},
                  "uuid": "c8ac1a31-f244-46d1-99fe-3f467ace49ae",
                  "parentUUID": "4f4e39af-c7f5-45c2-a157-aa4fb8829b8b",
                  "isHook": false,
                  "skipped": false
                }
              ],
              "suites": [],
              "passes": [
                "bababb05-9e28-4129-9a1d-15aa750c8f17",
                "1a2ef7dd-2e2f-4434-96f8-2de4da7f5b97",
                "ae3e8783-19f6-4c68-82c4-274982da40e8",
                "3aed5d4e-9edf-4219-bc34-ab2fd6fa33bd",
                "31c440a0-6b9f-49ed-9e86-9400093d62c0",
                "c8ac1a31-f244-46d1-99fe-3f467ace49ae"
              ],
              "failures": [],
              "pending": [],
              "skipped": [],
              "duration": 869,
              "root": false,
              "rootEmpty": false,
              "_timeout": 2000
            },
            {
              "uuid": "3001d56b-4fb8-484d-a0f7-534b86eba9cb",
              "title": "6. Wait - Menunggu",
              "fullFile": "",
              "file": "",
              "beforeHooks": [],
              "afterHooks": [],
              "tests": [
                {
                  "title": "should wait 2 seconds before checking the page",
                  "fullTitle": "Basic Selector & Actions - Sauce Dem0 6. Wait - Menunggu should wait 2 seconds before checking the page",
                  "timedOut": null,
                  "duration": 2138,
                  "state": "passed",
                  "speed": "fast",
                  "pass": true,
                  "fail": false,
                  "pending": false,
                  "context": null,
                  "code": "cy.visit('https://www.saucedemo.com/');\ncy.wait(2000); // Tunggu 2 detik\ncy.get('.login_container').should('be.visible');",
                  "err": {},
                  "uuid": "a5354fb8-5615-4d2a-953c-6d1c7c9a25de",
                  "parentUUID": "3001d56b-4fb8-484d-a0f7-534b86eba9cb",
                  "isHook": false,
                  "skipped": false
                },
                {
                  "title": "should wait between actions",
                  "fullTitle": "Basic Selector & Actions - Sauce Dem0 6. Wait - Menunggu should wait between actions",
                  "timedOut": null,
                  "duration": 2808,
                  "state": "passed",
                  "speed": "fast",
                  "pass": true,
                  "fail": false,
                  "pending": false,
                  "context": null,
                  "code": "cy.visit('https://www.saucedemo.com/');\ncy.get('#user-name').type('standard_user');\ncy.wait(1000); // Tunggu 1 detik\ncy.get('#password').type('secret_sauce');\ncy.wait(1000); // Tunggu 1 detik\ncy.get('#user-name').should('have.value', 'standard_user');\ncy.get('#password').should('have.value', 'secret_sauce');",
                  "err": {},
                  "uuid": "2e4b92e3-4da8-4bca-a6c7-29ffb36439f6",
                  "parentUUID": "3001d56b-4fb8-484d-a0f7-534b86eba9cb",
                  "isHook": false,
                  "skipped": false
                },
                {
                  "title": "should wait after clicking login",
                  "fullTitle": "Basic Selector & Actions - Sauce Dem0 6. Wait - Menunggu should wait after clicking login",
                  "timedOut": null,
                  "duration": 2864,
                  "state": "passed",
                  "speed": "fast",
                  "pass": true,
                  "fail": false,
                  "pending": false,
                  "context": null,
                  "code": "cy.visit('https://www.saucedemo.com/');\ncy.get('#user-name').type('standard_user');\ncy.get('#password').type('secret_sauce');\ncy.get('#login-button').click();\ncy.wait(2000); // Tunggu halaman selesai load\ncy.url().should('include', '/inventory.html');\ncy.get('.title').should('contain.text', 'Products');",
                  "err": {},
                  "uuid": "2c75e0cd-0966-4280-ad05-80f8e207caa7",
                  "parentUUID": "3001d56b-4fb8-484d-a0f7-534b86eba9cb",
                  "isHook": false,
                  "skipped": false
                }
              ],
              "suites": [],
              "passes": [
                "a5354fb8-5615-4d2a-953c-6d1c7c9a25de",
                "2e4b92e3-4da8-4bca-a6c7-29ffb36439f6",
                "2c75e0cd-0966-4280-ad05-80f8e207caa7"
              ],
              "failures": [],
              "pending": [],
              "skipped": [],
              "duration": 7810,
              "root": false,
              "rootEmpty": false,
              "_timeout": 2000
            }
          ],
          "passes": [],
          "failures": [],
          "pending": [],
          "skipped": [],
          "duration": 0,
          "root": false,
          "rootEmpty": false,
          "_timeout": 2000
        }
      ],
      "passes": [],
      "failures": [],
      "pending": [],
      "skipped": [],
      "duration": 0,
      "root": true,
      "rootEmpty": true,
      "_timeout": 2000
    }
  ],
  "meta": {
    "mocha": {
      "version": "7.2.0"
    },
    "mochawesome": {
      "options": {
        "quiet": false,
        "reportFilename": "mochawesome",
        "saveHtml": true,
        "saveJson": true,
        "consoleReporter": "spec",
        "useInlineDiffs": false,
        "code": true
      },
      "version": "7.1.4"
    },
    "marge": {
      "options": {
        "reportDir": "cypress/results",
        "overwrite": false,
        "html": true,
        "json": true
      },
      "version": "6.3.2"
    }
  }
}